<?xml version="1.0" encoding="UTF-8"?>
<testsuite xmlns:xsi="http://www.w3.org/2001/XMLSchema-instance" xsi:noNamespaceSchemaLocation="https://maven.apache.org/surefire/maven-surefire-plugin/xsd/surefire-test-report-3.0.xsd" version="3.0" name="iteration2.ui.TransferTest" time="92.782" tests="2" errors="2" skipped="0" failures="0">
  <properties>
[...]
</properties>
  <testcase name="userCantTransferMoreThanCurrentDepositTest" classname="iteration2.ui.TransferTest" time="90.31">
    <error message="Could not start a new session. Possible causes are invalid address of the remote server or browser start-up failure. &#10;Host info: host: &apos;e81359e2a3f1&apos;, ip: &apos;172.17.0.2&apos;" type="org.openqa.selenium.SessionNotCreatedException"><![CDATA[org.openqa.selenium.SessionNotCreatedException: 
Could not start a new session. Possible causes are invalid address of the remote server or browser start-up failure. 
Host info: host: 'e81359e2a3f1', ip: '172.17.0.2'
	at org.openqa.selenium.remote.RemoteWebDriver.execute(RemoteWebDriver.java:563)
	at org.openqa.selenium.remote.RemoteWebDriver.startSession(RemoteWebDriver.java:245)
	at org.openqa.selenium.remote.RemoteWebDriver.<init>(RemoteWebDriver.java:174)
	at com.codeborne.selenide.webdriver.RemoteDriverFactory.create(RemoteDriverFactory.java:22)
	at com.codeborne.selenide.webdriver.WebDriverFactory.createWebDriverInstance(WebDriverFactory.java:102)
	at com.codeborne.selenide.webdriver.WebDriverFactory.createWebDriver(WebDriverFactory.java:59)
	at com.codeborne.selenide.drivercommands.CreateDriverCommand.lambda$createDriver$0(CreateDriverCommand.java:68)
	at com.codeborne.selenide.logevents.SelenideLogger.wrap(SelenideLogger.java:128)
	at com.codeborne.selenide.logevents.SelenideLogger.get(SelenideLogger.java:106)
	at com.codeborne.selenide.drivercommands.CreateDriverCommand.createDriver(CreateDriverCommand.java:44)
	at com.codeborne.selenide.WebDriverThreadLocalContainer.createDriver(WebDriverThreadLocalContainer.java:181)
	at com.codeborne.selenide.WebDriverThreadLocalContainer.createDriver(WebDriverThreadLocalContainer.java:177)
	at com.codeborne.selenide.WebDriverThreadLocalContainer.createAndRegisterDriver(WebDriverThreadLocalContainer.java:164)
	at com.codeborne.selenide.WebDriverThreadLocalContainer.getAndCheckWebDriver(WebDriverThreadLocalContainer.java:130)
	at com.codeborne.selenide.WebDriverRunner.getAndCheckWebDriver(WebDriverRunner.java:99)
	at com.codeborne.selenide.StaticDriver.getAndCheckWebDriver(StaticDriver.java:41)
	at com.codeborne.selenide.SelenideDriver.getAndCheckWebDriver(SelenideDriver.java:183)
	at com.codeborne.selenide.drivercommands.Navigator.lambda$navigateTo$0(Navigator.java:67)
	at com.codeborne.selenide.logevents.SelenideLogger.lambda$run$0(SelenideLogger.java:99)
	at com.codeborne.selenide.logevents.SelenideLogger.wrap(SelenideLogger.java:128)
	at com.codeborne.selenide.logevents.SelenideLogger.run(SelenideLogger.java:98)
	at com.codeborne.selenide.drivercommands.Navigator.navigateTo(Navigator.java:65)
	at com.codeborne.selenide.drivercommands.Navigator.open(Navigator.java:29)
	at com.codeborne.selenide.SelenideDriver.open(SelenideDriver.java:86)
	at com.codeborne.selenide.Selenide.open(Selenide.java:50)
	at ui.pages.BasePage.authAsUther(BasePage.java:42)
	at ui.pages.BasePage.authAsUther(BasePage.java:48)
	at common.extensions.UserSessionExtension.beforeEach(UserSessionExtension.java:32)
	at java.base/java.util.concurrent.RecursiveAction.exec(RecursiveAction.java:194)
	at java.base/java.util.concurrent.ForkJoinTask.doExec(ForkJoinTask.java:387)
	at java.base/java.util.concurrent.ForkJoinPool$WorkQueue.topLevelExec(ForkJoinPool.java:1312)
	at java.base/java.util.concurrent.ForkJoinPool.scan(ForkJoinPool.java:1843)
	at java.base/java.util.concurrent.ForkJoinPool.runWorker(ForkJoinPool.java:1808)
	at java.base/java.util.concurrent.ForkJoinWorkerThread.run(ForkJoinWorkerThread.java:188)
Caused by: org.openqa.selenium.TimeoutException: java.util.concurrent.TimeoutException
Build info: version: '4.31.0', revision: '1ef9f18787*'
System info: os.name: 'Linux', os.arch: 'aarch64', os.version: '6.10.14-linuxkit', java.version: '21.0.7'
Driver info: driver.version: SelenideDriver
	at org.openqa.selenium.remote.http.jdk.JdkHttpClient.execute(JdkHttpClient.java:424)
	at org.openqa.selenium.remote.ProtocolHandshake.createSession(ProtocolHandshake.java:89)
	at org.openqa.selenium.remote.ProtocolHandshake.createSession(ProtocolHandshake.java:75)
	at org.openqa.selenium.remote.ProtocolHandshake.createSession(ProtocolHandshake.java:61)
	at org.openqa.selenium.remote.HttpCommandExecutor.execute(HttpCommandExecutor.java:187)
	at org.openqa.selenium.remote.RemoteWebDriver.execute(RemoteWebDriver.java:545)
	... 33 more
Caused by: java.util.concurrent.TimeoutException
	at java.base/java.util.concurrent.CompletableFuture$Timeout.run(CompletableFuture.java:2920)
	at java.base/java.util.concurrent.Executors$RunnableAdapter.call(Executors.java:572)
	at java.base/java.util.concurrent.FutureTask.run(FutureTask.java:317)
	at java.base/java.util.concurrent.ScheduledThreadPoolExecutor$ScheduledFutureTask.run(ScheduledThreadPoolExecutor.java:304)
	at java.base/java.util.concurrent.ThreadPoolExecutor.runWorker(ThreadPoolExecutor.java:1144)
	at java.base/java.util.concurrent.ThreadPoolExecutor$Worker.run(ThreadPoolExecutor.java:642)
	at java.base/java.lang.Thread.run(Thread.java:1583)
]]></error>
  </testcase>
  <testcase name="userCanTransferMoneyBetweenHisOwnAccountsTest" classname="iteration2.ui.TransferTest" time="90.262">
    <error message="Could not start a new session. Possible causes are invalid address of the remote server or browser start-up failure. &#10;Host info: host: &apos;e81359e2a3f1&apos;, ip: &apos;172.17.0.2&apos;" type="org.openqa.selenium.SessionNotCreatedException"><![CDATA[org.openqa.selenium.SessionNotCreatedException: 
Could not start a new session. Possible causes are invalid address of the remote server or browser start-up failure. 
Host info: host: 'e81359e2a3f1', ip: '172.17.0.2'
	at org.openqa.selenium.remote.RemoteWebDriver.execute(RemoteWebDriver.java:563)
	at org.openqa.selenium.remote.RemoteWebDriver.startSession(RemoteWebDriver.java:245)
	at org.openqa.selenium.remote.RemoteWebDriver.<init>(RemoteWebDriver.java:174)
	at com.codeborne.selenide.webdriver.RemoteDriverFactory.create(RemoteDriverFactory.java:22)
	at com.codeborne.selenide.webdriver.WebDriverFactory.createWebDriverInstance(WebDriverFactory.java:102)
	at com.codeborne.selenide.webdriver.WebDriverFactory.createWebDriver(WebDriverFactory.java:59)
	at com.codeborne.selenide.drivercommands.CreateDriverCommand.lambda$createDriver$0(CreateDriverCommand.java:68)
	at com.codeborne.selenide.logevents.SelenideLogger.wrap(SelenideLogger.java:128)
	at com.codeborne.selenide.logevents.SelenideLogger.get(SelenideLogger.java:106)
	at com.codeborne.selenide.drivercommands.CreateDriverCommand.createDriver(CreateDriverCommand.java:44)
	at com.codeborne.selenide.WebDriverThreadLocalContainer.createDriver(WebDriverThreadLocalContainer.java:181)
	at com.codeborne.selenide.WebDriverThreadLocalContainer.createDriver(WebDriverThreadLocalContainer.java:177)
	at com.codeborne.selenide.WebDriverThreadLocalContainer.createAndRegisterDriver(WebDriverThreadLocalContainer.java:164)
	at com.codeborne.selenide.WebDriverThreadLocalContainer.getAndCheckWebDriver(WebDriverThreadLocalContainer.java:130)
	at com.codeborne.selenide.WebDriverRunner.getAndCheckWebDriver(WebDriverRunner.java:99)
	at com.codeborne.selenide.StaticDriver.getAndCheckWebDriver(StaticDriver.java:41)
	at com.codeborne.selenide.SelenideDriver.getAndCheckWebDriver(SelenideDriver.java:183)
	at com.codeborne.selenide.drivercommands.Navigator.lambda$navigateTo$0(Navigator.java:67)
	at com.codeborne.selenide.logevents.SelenideLogger.lambda$run$0(SelenideLogger.java:99)
	at com.codeborne.selenide.logevents.SelenideLogger.wrap(SelenideLogger.java:128)
	at com.codeborne.selenide.logevents.SelenideLogger.run(SelenideLogger.java:98)
	at com.codeborne.selenide.drivercommands.Navigator.navigateTo(Navigator.java:65)
	at com.codeborne.selenide.drivercommands.Navigator.open(Navigator.java:29)
	at com.codeborne.selenide.SelenideDriver.open(SelenideDriver.java:86)
	at com.codeborne.selenide.Selenide.open(Selenide.java:50)
	at ui.pages.BasePage.authAsUther(BasePage.java:42)
	at ui.pages.BasePage.authAsUther(BasePage.java:48)
	at common.extensions.UserSessionExtension.beforeEach(UserSessionExtension.java:32)
	at java.base/java.util.concurrent.RecursiveAction.exec(RecursiveAction.java:194)
	at java.base/java.util.concurrent.ForkJoinTask.doExec(ForkJoinTask.java:387)
	at java.base/java.util.concurrent.ForkJoinPool$WorkQueue.topLevelExec(ForkJoinPool.java:1312)
	at java.base/java.util.concurrent.ForkJoinPool.scan(ForkJoinPool.java:1843)
	at java.base/java.util.concurrent.ForkJoinPool.runWorker(ForkJoinPool.java:1808)
	at java.base/java.util.concurrent.ForkJoinWorkerThread.run(ForkJoinWorkerThread.java:188)
Caused by: org.openqa.selenium.TimeoutException: java.util.concurrent.TimeoutException
Build info: version: '4.31.0', revision: '1ef9f18787*'
System info: os.name: 'Linux', os.arch: 'aarch64', os.version: '6.10.14-linuxkit', java.version: '21.0.7'
Driver info: driver.version: SelenideDriver
	at org.openqa.selenium.remote.http.jdk.JdkHttpClient.execute(JdkHttpClient.java:424)
	at org.openqa.selenium.remote.ProtocolHandshake.createSession(ProtocolHandshake.java:89)
	at org.openqa.selenium.remote.ProtocolHandshake.createSession(ProtocolHandshake.java:75)
	at org.openqa.selenium.remote.ProtocolHandshake.createSession(ProtocolHandshake.java:61)
	at org.openqa.selenium.remote.HttpCommandExecutor.execute(HttpCommandExecutor.java:187)
	at org.openqa.selenium.remote.RemoteWebDriver.execute(RemoteWebDriver.java:545)
	... 33 more
Caused by: java.util.concurrent.TimeoutException
	at java.base/java.util.concurrent.CompletableFuture$Timeout.run(CompletableFuture.java:2920)
	at java.base/java.util.concurrent.Executors$RunnableAdapter.call(Executors.java:572)
	at java.base/java.util.concurrent.FutureTask.run(FutureTask.java:317)
	at java.base/java.util.concurrent.ScheduledThreadPoolExecutor$ScheduledFutureTask.run(ScheduledThreadPoolExecutor.java:304)
	at java.base/java.util.concurrent.ThreadPoolExecutor.runWorker(ThreadPoolExecutor.java:1144)
	at java.base/java.util.concurrent.ThreadPoolExecutor$Worker.run(ThreadPoolExecutor.java:642)
	at java.base/java.lang.Thread.run(Thread.java:1583)
]]></error>
  </testcase>
</testsuite>